已經開始建置於 2015/6/9 上午 10:00:15。
     1>節點 2 (build 目標) 上的專案 "C:\Users\alona\Desktop\Wayne\C++\Project\HelloMFC\HelloMFC\HelloMFC\HelloMFC.vcxproj"。
     1>PrepareForBuild:
         正在建立目錄 "C:\Users\alona\Desktop\Wayne\C++\Project\HelloMFC\HelloMFC\Debug\"。
       InitializeBuildStatus:
         由於指定了 "AlwaysCreate"，因此正在建立 "Debug\HelloMFC.unsuccessfulbuild"。
       ClCompile:
         C:\Program Files (x86)\Microsoft Visual Studio 10.0\VC\bin\CL.exe /c /ZI /nologo /W3 /WX- /Od /Oy- /D WIN32 /D _WINDOWS /D _DEBUG /D _UNICODE /D UNICODE /D _AFXDLL /Gm /EHsc /RTC1 /MDd /GS /fp:precise /Zc:wchar_t /Zc:forScope /Yc"StdAfx.h" /Fp"Debug\HelloMFC.pch" /Fo"Debug\\" /Fd"Debug\vc100.pdb" /Gd /TP /analyze- /errorReport:prompt stdafx.cpp
         stdafx.cpp
         C:\Program Files (x86)\Microsoft Visual Studio 10.0\VC\bin\CL.exe /c /ZI /nologo /W3 /WX- /Od /Oy- /D WIN32 /D _WINDOWS /D _DEBUG /D _UNICODE /D UNICODE /D _AFXDLL /Gm /EHsc /RTC1 /MDd /GS /fp:precise /Zc:wchar_t /Zc:forScope /Yu"StdAfx.h" /Fp"Debug\HelloMFC.pch" /Fo"Debug\\" /Fd"Debug\vc100.pdb" /Gd /TP /analyze- /errorReport:prompt CalendarBar.cpp HelloMFC.cpp HelloMFCDoc.cpp HelloMFCView.cpp MainFrm.cpp
         MainFrm.cpp
         HelloMFCView.cpp
         HelloMFCDoc.cpp
         HelloMFC.cpp
         CalendarBar.cpp
         正在產生程式碼...
       ResourceCompile:
         C:\Program Files (x86)\Microsoft SDKs\Windows\v7.0A\bin\rc.exe /D _DEBUG /D _UNICODE /D UNICODE /D _AFXDLL /l"0x0404" /IDebug\ /nologo /fo"Debug\HelloMFC.res" HelloMFC.rc 
       ManifestResourceCompile:
         C:\Program Files (x86)\Microsoft SDKs\Windows\v7.0A\bin\rc.exe /nologo /fo"Debug\HelloMFC.exe.embed.manifest.res" Debug\HelloMFC_manifest.rc 
       Link:
         C:\Program Files (x86)\Microsoft Visual Studio 10.0\VC\bin\link.exe /ERRORREPORT:PROMPT /OUT:"C:\Users\alona\Desktop\Wayne\C++\Project\HelloMFC\HelloMFC\Debug\HelloMFC.exe" /INCREMENTAL /NOLOGO /MANIFEST /ManifestFile:"Debug\HelloMFC.exe.intermediate.manifest" /MANIFESTUAC:"level='asInvoker' uiAccess='false'" /DEBUG /PDB:"C:\Users\alona\Desktop\Wayne\C++\Project\HelloMFC\HelloMFC\Debug\HelloMFC.pdb" /SUBSYSTEM:WINDOWS /TLBID:1 /ENTRY:"wWinMainCRTStartup" /DYNAMICBASE /NXCOMPAT /IMPLIB:"C:\Users\alona\Desktop\Wayne\C++\Project\HelloMFC\HelloMFC\Debug\HelloMFC.lib" /MACHINE:X86 Debug\HelloMFC.res
         Debug\HelloMFC.exe.embed.manifest.res
         Debug\CalendarBar.obj
         Debug\HelloMFC.obj
         Debug\HelloMFCDoc.obj
         Debug\HelloMFCView.obj
         Debug\MainFrm.obj
         Debug\stdafx.obj
       Manifest:
         C:\Program Files (x86)\Microsoft SDKs\Windows\v7.0A\bin\mt.exe /nologo /verbose /out:"Debug\HelloMFC.exe.embed.manifest" /manifest Debug\HelloMFC.exe.intermediate.manifest "C:\Program Files (x86)\Microsoft Visual Studio 10.0\VC\Include\Manifest\dpiaware.manifest"
         C:\Program Files (x86)\Microsoft SDKs\Windows\v7.0A\bin\rc.exe /nologo /fo"Debug\HelloMFC.exe.embed.manifest.res" Debug\HelloMFC_manifest.rc 
       LinkEmbedManifest:
         C:\Program Files (x86)\Microsoft Visual Studio 10.0\VC\bin\link.exe /ERRORREPORT:PROMPT /OUT:"C:\Users\alona\Desktop\Wayne\C++\Project\HelloMFC\HelloMFC\Debug\HelloMFC.exe" /INCREMENTAL /NOLOGO /MANIFEST /ManifestFile:"Debug\HelloMFC.exe.intermediate.manifest" /MANIFESTUAC:"level='asInvoker' uiAccess='false'" /DEBUG /PDB:"C:\Users\alona\Desktop\Wayne\C++\Project\HelloMFC\HelloMFC\Debug\HelloMFC.pdb" /SUBSYSTEM:WINDOWS /TLBID:1 /ENTRY:"wWinMainCRTStartup" /DYNAMICBASE /NXCOMPAT /IMPLIB:"C:\Users\alona\Desktop\Wayne\C++\Project\HelloMFC\HelloMFC\Debug\HelloMFC.lib" /MACHINE:X86 Debug\HelloMFC.res
         Debug\HelloMFC.exe.embed.manifest.res
         Debug\CalendarBar.obj
         Debug\HelloMFC.obj
         Debug\HelloMFCDoc.obj
         Debug\HelloMFCView.obj
         Debug\MainFrm.obj
         Debug\stdafx.obj
         HelloMFC.vcxproj -> C:\Users\alona\Desktop\Wayne\C++\Project\HelloMFC\HelloMFC\Debug\HelloMFC.exe
       FinalizeBuildStatus:
         正在刪除檔案 "Debug\HelloMFC.unsuccessfulbuild"。
         正在變更時間戳記 "Debug\HelloMFC.lastbuildstate"。
     1>專案 "C:\Users\alona\Desktop\Wayne\C++\Project\HelloMFC\HelloMFC\HelloMFC\HelloMFC.vcxproj" (build 目標) 建置完成。

建置成功。

經過時間 00:00:05.86
